<?xml version="1.0" encoding="UTF-8"?>
<testsuite name="ElfComputerTest" tests="3" skipped="0" failures="0" errors="0" timestamp="2019-12-05T17:11:22" hostname="DESKTOP-UF6QME7" time="0.016">
  <properties/>
  <testcase name="compareToEightTest_expectTrue()" classname="ElfComputerTest" time="0.012"/>
  <testcase name="compareToEightTest_expectFalse()" classname="ElfComputerTest" time="0.001"/>
  <testcase name="advancedMultiplicationTest()" classname="ElfComputerTest" time="0.001"/>
  <system-out><![CDATA[]]></system-out>
  <system-err><![CDATA[]]></system-err>
</testsuite>
