<?xml version="1.0" encoding="UTF-8"?>
<testsuite name="Day3Test" tests="10" skipped="0" failures="0" errors="0" timestamp="2019-12-04T18:31:34" hostname="DESKTOP-UF6QME7" time="0.019">
  <properties/>
  <testcase name="manhattanDistance_ComputationTest()" classname="Day3Test" time="0.008"/>
  <testcase name="computeSmallestManhattanDistance()" classname="Day3Test" time="0.002"/>
  <testcase name="computeWireToAnswerTest1()" classname="Day3Test" time="0.001"/>
  <testcase name="computeWireToAnswerTest2()" classname="Day3Test" time="0.0"/>
  <testcase name="computeWireToAnswerTest3()" classname="Day3Test" time="0.001"/>
  <testcase name="computeWireToAnswerTest4()" classname="Day3Test" time="0.0"/>
  <testcase name="computeWireDistanceTest1()" classname="Day3Test" time="0.0"/>
  <testcase name="computeWireDistanceTest2()" classname="Day3Test" time="0.0"/>
  <testcase name="computeIntersectionOfWiresTest1()" classname="Day3Test" time="0.001"/>
  <testcase name="computeIntersectionOfWiresTest2()" classname="Day3Test" time="0.001"/>
  <system-out><![CDATA[]]></system-out>
  <system-err><![CDATA[]]></system-err>
</testsuite>
