<?xml version="1.0" encoding="UTF-8"?>
<testsuite name="MoonTest" tests="1" skipped="0" failures="0" errors="0" timestamp="2019-12-13T14:37:13" hostname="DESKTOP-UF6QME7" time="0.007">
  <properties/>
  <testcase name="computeNextVelocityTest1_oneOtherMoon_expects111()" classname="MoonTest" time="0.007"/>
  <system-out><![CDATA[]]></system-out>
  <system-err><![CDATA[]]></system-err>
</testsuite>
