<?xml version="1.0" encoding="UTF-8"?>
<testsuite name="ElfComputerTest" tests="4" skipped="0" failures="0" errors="0" timestamp="2019-12-05T14:27:28" hostname="DESKTOP-UF6QME7" time="0.018">
  <properties/>
  <testcase name="computeTestMultiplication0_to_9801()" classname="ElfComputerTest" time="0.013"/>
  <testcase name="computeTestMultiplication2_to_6()" classname="ElfComputerTest" time="0.001"/>
  <testcase name="computeTestSeveralInstructions()" classname="ElfComputerTest" time="0.002"/>
  <testcase name="computeTestAddition1_to_2()" classname="ElfComputerTest" time="0.0"/>
  <system-out><![CDATA[Opcode: 2 Number of arguments: 2
1: 0
2: 0
Parameters:
1: 99
2: 99
3: 5
Opcode: 2
Opcode: 99
Opcode: 2 Number of arguments: 2
1: 0
2: 0
Parameters:
1: 3
2: 2
3: 3
Opcode: 2
Opcode: 99
Opcode: 1 Number of arguments: 2
1: 0
2: 0
Parameters:
1: 1
2: 1
3: 4
Opcode: 1
Opcode: 2 Number of arguments: 2
1: 0
2: 0
Parameters:
1: 5
2: 6
3: 0
Opcode: 2
Opcode: 99
Opcode: 1 Number of arguments: 2
1: 0
2: 0
Parameters:
1: 1
2: 1
3: 0
Opcode: 1
Opcode: 99
]]></system-out>
  <system-err><![CDATA[]]></system-err>
</testsuite>
